TN:
SF:contracts/script/game/DeployHeapFactory.s.sol
DA:13,0
FN:13,DeployHeapFactory.run
FNDA:0,DeployHeapFactory.run
DA:14,0
DA:15,0
DA:17,0
DA:20,0
DA:21,0
DA:24,0
DA:25,0
DA:26,0
DA:27,0
DA:28,0
DA:29,0
DA:31,0
FNF:1
FNH:0
LF:13
LH:0
BRF:0
BRH:0
end_of_record
TN:
SF:contracts/script/game/DeployLeagueFactory.s.sol
DA:13,0
FN:13,DeployLeagueFactory.run
FNDA:0,DeployLeagueFactory.run
DA:14,0
DA:16,0
DA:19,0
DA:20,0
DA:22,0
FNF:1
FNH:0
LF:6
LH:0
BRF:0
BRH:0
end_of_record
TN:
SF:contracts/script/game/DeployMatchFactory.s.sol
DA:13,0
FN:13,DeployMatchFactory.run
FNDA:0,DeployMatchFactory.run
DA:14,0
DA:15,0
DA:17,0
DA:20,0
DA:21,0
DA:24,0
DA:25,0
DA:26,0
DA:27,0
DA:28,0
DA:29,0
DA:31,0
FNF:1
FNH:0
LF:13
LH:0
BRF:0
BRH:0
end_of_record
TN:
SF:contracts/script/game/DeployPrizeFactory.s.sol
DA:13,0
FN:13,DeployPrizeFactory.run
FNDA:0,DeployPrizeFactory.run
DA:14,0
DA:16,0
DA:19,0
DA:20,0
DA:22,0
FNF:1
FNH:0
LF:6
LH:0
BRF:0
BRH:0
end_of_record
TN:
SF:contracts/script/game/DeployScoreFactory.s.sol
DA:13,0
FN:13,DeployScoreFactory.run
FNDA:0,DeployScoreFactory.run
DA:14,0
DA:16,0
DA:19,0
DA:20,0
DA:22,0
FNF:1
FNH:0
LF:6
LH:0
BRF:0
BRH:0
end_of_record
TN:
SF:contracts/script/game/DeployTournamentFactory.s.sol
DA:13,0
FN:13,DeployTournamentFactory.run
FNDA:0,DeployTournamentFactory.run
DA:14,0
DA:16,0
DA:19,0
DA:20,0
DA:21,0
DA:23,0
FNF:1
FNH:0
LF:7
LH:0
BRF:0
BRH:0
end_of_record
TN:
SF:contracts/src/base/EventBus.sol
DA:85,0
FN:85,EventBus.onlyOwner
FNDA:0,EventBus.onlyOwner
DA:86,0
DA:90,0
FN:90,EventBus.onlyAuthorizedEmitter
FNDA:0,EventBus.onlyAuthorizedEmitter
DA:91,0
DA:95,0
FN:95,EventBus._checkOwner
FNDA:0,EventBus._checkOwner
DA:96,0
BRDA:96,0,0,-
DA:99,0
FN:99,EventBus._checkAuthorizedEmitter
FNDA:0,EventBus._checkAuthorizedEmitter
DA:100,0
BRDA:100,1,0,-
DA:105,0
FN:105,EventBus.constructor
FNDA:0,EventBus.constructor
DA:106,0
BRDA:106,2,0,-
DA:107,0
DA:108,0
DA:117,0
FN:117,EventBus.transferOwnership
FNDA:0,EventBus.transferOwnership
DA:118,0
BRDA:118,3,0,-
DA:119,0
DA:120,0
DA:128,0
FN:128,EventBus.setEmitterAuthorization
FNDA:0,EventBus.setEmitterAuthorization
DA:129,0
BRDA:129,4,0,-
DA:130,0
DA:131,0
DA:139,0
FN:139,EventBus.registerListener
FNDA:0,EventBus.registerListener
DA:140,0
BRDA:140,5,0,-
DA:141,0
BRDA:141,6,0,-
DA:142,0
BRDA:142,7,0,-
DA:144,0
DA:145,0
DA:147,0
DA:155,0
FN:155,EventBus.removeListener
FNDA:0,EventBus.removeListener
DA:156,0
DA:157,0
BRDA:157,8,0,-
DA:159,0
DA:160,0
DA:162,0
BRDA:162,9,0,-
DA:163,0
DA:164,0
DA:165,0
DA:168,0
DA:171,0
DA:183,0
FN:183,EventBus.emitMatchResult
FNDA:0,EventBus.emitMatchResult
DA:189,0
DA:190,0
DA:192,0
DA:193,0
BRDA:193,10,0,-
DA:195,0
BRDA:195,10,1,-
DA:196,0
DA:198,0
DA:207,0
FN:207,EventBus.emitCompetitionStarted
FNDA:0,EventBus.emitCompetitionStarted
DA:211,0
DA:212,0
DA:214,0
DA:215,0
BRDA:215,11,0,-
DA:217,0
BRDA:217,11,1,-
DA:218,0
DA:220,0
DA:230,0
FN:230,EventBus.emitCompetitionFinalized
FNDA:0,EventBus.emitCompetitionFinalized
DA:235,0
DA:236,0
DA:238,0
DA:239,0
BRDA:239,12,0,-
DA:241,0
BRDA:241,12,1,-
DA:242,0
DA:244,0
DA:255,0
FN:255,EventBus.getListeners
FNDA:0,EventBus.getListeners
DA:256,0
DA:265,0
FN:265,EventBus.isListener
FNDA:0,EventBus.isListener
DA:266,0
FNF:14
FNH:0
LF:66
LH:0
BRF:16
BRH:0
end_of_record
TN:
SF:contracts/src/base/FeatureController.sol
DA:17,5
FN:17,FeatureController.onlyController
FNDA:5,FeatureController.onlyController
DA:18,5
DA:22,43
FN:22,FeatureController._onlyController
FNDA:43,FeatureController._onlyController
DA:23,43
BRDA:23,0,0,3
DA:26,0
FN:26,FeatureController.onlyControllerOrOwner
FNDA:0,FeatureController.onlyControllerOrOwner
DA:27,0
DA:31,0
FN:31,FeatureController._onlyControllerOrOwner
FNDA:0,FeatureController._onlyControllerOrOwner
DA:32,0
BRDA:32,1,0,-
DA:35,72
FN:35,FeatureController.constructor
FNDA:72,FeatureController.constructor
DA:38,72
BRDA:38,2,0,-
DA:39,0
DA:40,0
DA:50,68
FN:50,FeatureController._initializeFeatureController
FNDA:68,FeatureController._initializeFeatureController
DA:51,68
DA:52,68
BRDA:52,3,0,-
DA:53,68
DA:54,68
DA:57,1
FN:57,FeatureController.setController
FNDA:1,FeatureController.setController
DA:58,1
BRDA:58,4,0,-
DA:59,1
BRDA:59,5,0,-
DA:60,1
DA:61,1
FNF:7
FNH:5
LF:22
LH:16
BRF:6
BRH:1
end_of_record
TN:
SF:contracts/src/base/FeeCollector.sol
DA:50,68
FN:50,FeeCollector._initializeFeeCollector
FNDA:68,FeeCollector._initializeFeeCollector
DA:51,68
BRDA:51,0,0,-
DA:52,68
DA:53,68
DA:61,1
FN:61,FeeCollector.configureFees
FNDA:1,FeeCollector.configureFees
DA:65,1
DA:73,3
FN:73,FeeCollector._initializeFees
FNDA:3,FeeCollector._initializeFees
DA:77,3
BRDA:77,1,0,-
DA:78,3
BRDA:78,2,0,-
DA:80,3
DA:81,3
DA:82,3
DA:83,3
BRDA:83,3,0,-
DA:84,3
DA:85,3
DA:87,3
BRDA:87,4,0,-
DA:89,3
DA:90,3
DA:91,3
DA:93,3
DA:102,7
FN:102,FeeCollector._accrueFees
FNDA:7,FeeCollector._accrueFees
DA:106,7
BRDA:106,5,0,6
DA:107,6
DA:110,1
DA:111,1
DA:112,1
DA:113,1
BRDA:113,6,0,-
DA:115,1
DA:116,1
BRDA:116,7,0,-
DA:117,0
DA:118,0
DA:121,1
DA:122,1
DA:123,1
DA:125,1
DA:133,1
FN:133,FeeCollector.withdrawFees
FNDA:1,FeeCollector.withdrawFees
DA:134,1
DA:135,1
BRDA:135,8,0,-
DA:138,1
DA:141,1
DA:143,1
DA:153,21
FN:153,FeeCollector._transfer
FNDA:21,FeeCollector._transfer
DA:154,21
BRDA:154,9,0,21
DA:156,21
DA:157,21
BRDA:157,10,0,19
BRDA:157,10,1,2
DA:160,19
DA:164,2
BRDA:164,11,0,2
DA:165,2
DA:166,0
BRDA:166,11,1,-
DA:167,0
DA:171,21
BRDA:171,12,0,-
DA:173,0
DA:174,0
DA:183,0
FN:183,FeeCollector.claimFailedTransfer
FNDA:0,FeeCollector.claimFailedTransfer
DA:184,0
DA:185,0
BRDA:185,13,0,-
DA:188,0
DA:191,0
DA:192,0
BRDA:192,14,0,-
BRDA:192,14,1,-
DA:193,0
DA:195,0
BRDA:195,15,0,-
DA:196,0
DA:197,0
BRDA:197,15,1,-
DA:198,0
DA:202,0
BRDA:202,16,0,-
BRDA:202,16,1,-
DA:203,0
DA:206,0
DA:207,0
DA:217,0
FN:217,FeeCollector.getFailedTransfer
FNDA:0,FeeCollector.getFailedTransfer
DA:218,0
DA:227,0
FN:227,FeeCollector.getFeeConfiguration
FNDA:0,FeeCollector.getFeeConfiguration
DA:232,0
FNF:9
FNH:6
LF:72
LH:47
BRF:22
BRH:5
end_of_record
TN:
SF:contracts/src/base/Owned.sol
DA:19,2
FN:19,Owned.onlyOwner
FNDA:2,Owned.onlyOwner
DA:20,2
DA:24,16
FN:24,Owned._onlyOwner
FNDA:16,Owned._onlyOwner
DA:25,16
BRDA:25,0,0,3
DA:28,86
FN:28,Owned.constructor
FNDA:86,Owned.constructor
DA:31,86
BRDA:31,1,0,14
DA:32,14
DA:33,14
DA:41,1
FN:41,Owned.transferOwnership
FNDA:1,Owned.transferOwnership
DA:42,1
BRDA:42,2,0,-
DA:43,1
BRDA:43,3,0,-
DA:44,1
DA:45,1
DA:52,1
FN:52,Owned.acceptOwnership
FNDA:1,Owned.acceptOwnership
DA:53,1
BRDA:53,4,0,-
DA:54,1
DA:55,1
DA:56,1
FNF:5
FNH:5
LF:18
LH:18
BRF:5
BRH:2
end_of_record
TN:
SF:contracts/src/base/OwnedFactory.sol
DA:24,1
FN:24,OwnedFactory.setInstanceOwner
FNDA:1,OwnedFactory.setInstanceOwner
DA:25,1
DA:26,1
DA:27,1
DA:34,0
FN:34,OwnedFactory.getInstanceOwner
FNDA:0,OwnedFactory.getInstanceOwner
DA:35,10
FNF:2
FNH:1
LF:6
LH:5
BRF:0
BRH:0
end_of_record
TN:
SF:contracts/src/base/RoleBasedAccess.sol
DA:56,0
FN:56,RoleBasedAccess.onlyRole
FNDA:0,RoleBasedAccess.onlyRole
DA:57,0
DA:64,0
FN:64,RoleBasedAccess.onlyController
FNDA:0,RoleBasedAccess.onlyController
DA:65,0
DA:72,0
FN:72,RoleBasedAccess.onlyRecorder
FNDA:0,RoleBasedAccess.onlyRecorder
DA:73,0
DA:83,0
FN:83,RoleBasedAccess._checkRole
FNDA:0,RoleBasedAccess._checkRole
DA:84,0
BRDA:84,0,0,-
DA:85,0
DA:94,0
FN:94,RoleBasedAccess._initializeRoleBasedAccess
FNDA:0,RoleBasedAccess._initializeRoleBasedAccess
DA:95,0
BRDA:95,1,0,-
DA:96,0
DA:97,0
DA:99,0
BRDA:99,2,0,-
DA:100,0
DA:109,0
FN:109,RoleBasedAccess._grantRole
FNDA:0,RoleBasedAccess._grantRole
DA:110,0
BRDA:110,3,0,-
DA:111,0
BRDA:111,4,0,-
DA:113,0
DA:114,0
DA:116,0
DA:124,0
FN:124,RoleBasedAccess._revokeRole
FNDA:0,RoleBasedAccess._revokeRole
DA:125,0
BRDA:125,5,0,-
DA:127,0
DA:128,0
DA:130,0
DA:140,0
FN:140,RoleBasedAccess.grantRole
FNDA:0,RoleBasedAccess.grantRole
DA:141,0
DA:149,0
FN:149,RoleBasedAccess.revokeRole
FNDA:0,RoleBasedAccess.revokeRole
DA:150,0
DA:157,0
FN:157,RoleBasedAccess.renounceRole
FNDA:0,RoleBasedAccess.renounceRole
DA:158,0
DA:169,0
FN:169,RoleBasedAccess.hasRole
FNDA:0,RoleBasedAccess.hasRole
DA:171,0
BRDA:171,6,0,-
DA:172,0
DA:180,0
FN:180,RoleBasedAccess.getRoleMemberCount
FNDA:0,RoleBasedAccess.getRoleMemberCount
DA:181,0
FNF:12
FNH:0
LF:37
LH:0
BRF:7
BRH:0
end_of_record
TN:
SF:contracts/src/factories/base/EventBusFactory.sol
DA:25,0
FN:25,EventBusFactory.deployEventBus
FNDA:0,EventBusFactory.deployEventBus
DA:26,0
DA:29,0
DA:31,0
DA:39,0
FN:39,EventBusFactory.deployEventBusWithOwner
FNDA:0,EventBusFactory.deployEventBusWithOwner
DA:40,0
BRDA:40,0,0,-
BRDA:40,0,1,-
DA:42,0
DA:44,0
FNF:2
FNH:0
LF:8
LH:0
BRF:2
BRH:0
end_of_record
TN:
SF:contracts/src/factories/game/HeapFactory.sol
DA:35,14
FN:35,HeapFactory.constructor
FNDA:14,HeapFactory.constructor
DA:37,14
DA:40,14
DA:48,2
FN:48,HeapFactory.setDefaultMaxActiveHeaps
FNDA:2,HeapFactory.setDefaultMaxActiveHeaps
DA:49,1
DA:50,1
DA:58,5
FN:58,HeapFactory.setDefaultFees
FNDA:5,HeapFactory.setDefaultFees
DA:62,4
BRDA:62,0,0,1
DA:64,3
DA:65,3
DA:66,3
DA:67,5
DA:68,5
DA:70,3
BRDA:70,1,0,1
DA:72,2
DA:73,2
DA:75,2
DA:83,2
FN:83,HeapFactory.getDefaultFees
FNDA:2,HeapFactory.getDefaultFees
DA:84,2
DA:94,10
FN:94,HeapFactory.deployHeap
FNDA:10,HeapFactory.deployHeap
DA:97,10
DA:100,10
DA:103,10
DA:112,10
FNF:5
FNH:5
LF:24
LH:24
BRF:2
BRH:2
end_of_record
TN:
SF:contracts/src/factories/game/LeagueFactory.sol
DA:28,0
FN:28,LeagueFactory.constructor
FNDA:0,LeagueFactory.constructor
DA:30,0
DA:33,0
DA:40,0
FN:40,LeagueFactory.setDefaultCycleDuration
FNDA:0,LeagueFactory.setDefaultCycleDuration
DA:41,0
DA:42,0
DA:43,0
DA:52,0
FN:52,LeagueFactory.deployLeague
FNDA:0,LeagueFactory.deployLeague
DA:53,0
DA:56,0
DA:59,0
DA:66,0
DA:81,0
FN:81,LeagueFactory.deployLeagueWithDuration
FNDA:0,LeagueFactory.deployLeagueWithDuration
DA:85,0
DA:87,0
DA:89,0
DA:96,0
FNF:4
FNH:0
LF:17
LH:0
BRF:0
BRH:0
end_of_record
TN:
SF:contracts/src/factories/game/MatchFactory.sol
DA:35,0
FN:35,MatchFactory.constructor
FNDA:0,MatchFactory.constructor
DA:37,0
DA:40,0
DA:48,0
FN:48,MatchFactory.setDefaultMaxActiveMatches
FNDA:0,MatchFactory.setDefaultMaxActiveMatches
DA:49,0
DA:50,0
DA:58,0
FN:58,MatchFactory.setDefaultFees
FNDA:0,MatchFactory.setDefaultFees
DA:62,0
BRDA:62,0,0,-
DA:64,0
DA:65,0
DA:66,0
DA:67,0
DA:68,0
DA:70,0
BRDA:70,1,0,-
DA:72,0
DA:73,0
DA:75,0
DA:83,0
FN:83,MatchFactory.getDefaultFees
FNDA:0,MatchFactory.getDefaultFees
DA:84,0
DA:94,0
FN:94,MatchFactory.deployMatch
FNDA:0,MatchFactory.deployMatch
DA:97,0
DA:100,0
DA:103,0
DA:112,0
FNF:5
FNH:0
LF:24
LH:0
BRF:2
BRH:0
end_of_record
TN:
SF:contracts/src/factories/game/PredictionFactory.sol
DA:25,0
FN:25,PredictionFactory.constructor
FNDA:0,PredictionFactory.constructor
DA:27,0
DA:38,0
FN:38,PredictionFactory.deployPrediction
FNDA:0,PredictionFactory.deployPrediction
DA:43,0
DA:46,0
DA:49,0
DA:50,0
DA:52,0
DA:62,0
DA:81,0
FN:81,PredictionFactory.deployPredictionWithFees
FNDA:0,PredictionFactory.deployPredictionWithFees
DA:88,0
DA:90,0
DA:92,0
DA:102,0
FNF:3
FNH:0
LF:14
LH:0
BRF:0
BRH:0
end_of_record
TN:
SF:contracts/src/factories/game/PrizeFactory.sol
DA:38,0
FN:38,PrizeFactory.constructor
FNDA:0,PrizeFactory.constructor
DA:40,0
DA:43,0
DA:44,0
DA:45,0
DA:52,0
FN:52,PrizeFactory.setDefaultMatchesPerPool
FNDA:0,PrizeFactory.setDefaultMatchesPerPool
DA:53,0
BRDA:53,0,0,-
DA:54,0
DA:55,0
DA:62,0
FN:62,PrizeFactory.setDefaultWinnersCount
FNDA:0,PrizeFactory.setDefaultWinnersCount
DA:63,0
BRDA:63,1,0,-
DA:64,0
DA:65,0
DA:72,0
FN:72,PrizeFactory.setDefaultDistributionStrategy
FNDA:0,PrizeFactory.setDefaultDistributionStrategy
DA:73,0
DA:74,0
DA:83,0
FN:83,PrizeFactory.deployPrize
FNDA:0,PrizeFactory.deployPrize
DA:86,0
DA:89,0
DA:92,0
DA:101,0
DA:120,0
FN:120,PrizeFactory.deployPrizeWithConfig
FNDA:0,PrizeFactory.deployPrizeWithConfig
DA:126,0
BRDA:126,2,0,-
DA:127,0
BRDA:127,3,0,-
DA:129,0
DA:132,0
DA:135,0
DA:144,0
FNF:6
FNH:0
LF:28
LH:0
BRF:4
BRH:0
end_of_record
TN:
SF:contracts/src/factories/game/ScoreFactory.sol
DA:32,0
FN:32,ScoreFactory.constructor
FNDA:0,ScoreFactory.constructor
DA:34,0
DA:37,0
DA:38,0
DA:39,0
DA:48,0
FN:48,ScoreFactory.setDeploymentLimits
FNDA:0,ScoreFactory.setDeploymentLimits
DA:53,0
DA:54,0
DA:55,0
DA:56,0
DA:64,0
FN:64,ScoreFactory.deployScore
FNDA:0,ScoreFactory.deployScore
DA:65,0
DA:68,0
DA:71,0
DA:79,0
FNF:3
FNH:0
LF:15
LH:0
BRF:0
BRH:0
end_of_record
TN:
SF:contracts/src/factories/game/TournamentFactory.sol
DA:28,0
FN:28,TournamentFactory.constructor
FNDA:0,TournamentFactory.constructor
DA:30,0
DA:33,0
DA:40,0
FN:40,TournamentFactory.setDefaultMaxActiveTournaments
FNDA:0,TournamentFactory.setDefaultMaxActiveTournaments
DA:41,0
DA:42,0
DA:43,0
DA:52,0
FN:52,TournamentFactory.deployTournament
FNDA:0,TournamentFactory.deployTournament
DA:53,0
DA:56,0
DA:59,0
DA:66,0
DA:81,0
FN:81,TournamentFactory.deployTournamentWithMaxActive
FNDA:0,TournamentFactory.deployTournamentWithMaxActive
DA:85,0
DA:87,0
DA:89,0
DA:96,0
FNF:4
FNH:0
LF:17
LH:0
BRF:0
BRH:0
end_of_record
TN:
SF:contracts/src/features/game/Heap.sol
DA:99,55
FN:99,Heap.initialize
FNDA:55,Heap.initialize
DA:108,54
DA:111,54
BRDA:111,0,0,2
DA:112,2
DA:116,54
DA:119,54
BRDA:119,1,0,2
DA:120,2
DA:129,1
FN:129,Heap.setScore
FNDA:1,Heap.setScore
DA:131,1
BRDA:131,2,0,-
DA:132,0
DA:134,1
DA:135,1
DA:136,1
DA:144,0
FN:144,Heap.setPrediction
FNDA:0,Heap.setPrediction
DA:145,0
BRDA:145,3,0,-
DA:146,0
DA:148,0
DA:149,0
DA:150,0
DA:158,5
FN:158,Heap.setMaxActiveHeaps
FNDA:5,Heap.setMaxActiveHeaps
DA:159,4
BRDA:159,4,0,-
DA:160,4
DA:161,4
DA:169,0
FN:169,Heap.cleanupInactiveHeap
FNDA:0,Heap.cleanupInactiveHeap
DA:170,0
DA:171,0
BRDA:171,5,0,-
DA:172,0
BRDA:172,6,0,-
DA:173,0
BRDA:173,7,0,-
DA:175,0
DA:178,0
DA:181,0
DA:183,0
DA:190,11
FN:190,Heap.getActiveHeapCount
FNDA:11,Heap.getActiveHeapCount
DA:191,11
DA:200,3
FN:200,Heap.getActiveHeapIds
FNDA:3,Heap.getActiveHeapIds
DA:201,3
DA:202,3
BRDA:202,8,0,-
DA:203,0
DA:206,3
DA:207,3
BRDA:207,9,0,2
DA:208,2
DA:211,3
DA:212,3
DA:213,5
DA:217,38
FN:217,Heap._addToActiveHeaps
FNDA:38,Heap._addToActiveHeaps
DA:218,38
DA:219,38
DA:222,13
FN:222,Heap._removeFromActiveHeaps
FNDA:13,Heap._removeFromActiveHeaps
DA:223,13
DA:224,13
BRDA:224,10,0,-
DA:226,13
DA:227,13
DA:230,13
DA:231,13
DA:234,13
DA:239,39
FN:239,Heap.create
FNDA:39,Heap.create
DA:244,39
BRDA:244,11,0,-
DA:245,39
BRDA:245,12,0,-
DA:246,39
BRDA:246,13,0,-
DA:247,39
BRDA:247,14,0,-
DA:250,39
BRDA:250,15,0,-
DA:253,39
BRDA:253,16,0,1
DA:254,1
DA:257,38
DA:258,38
DA:259,38
DA:260,38
DA:261,38
DA:262,38
DA:263,38
DA:266,38
DA:268,38
DA:271,38
DA:275,24
FN:275,Heap.contribute
FNDA:24,Heap.contribute
DA:276,24
DA:279,62
FN:279,Heap._contribute
FNDA:62,Heap._contribute
DA:280,62
DA:281,62
BRDA:281,17,0,-
DA:282,62
BRDA:282,18,0,-
DA:283,62
BRDA:283,19,0,1
DA:284,61
BRDA:284,20,0,1
DA:287,60
BRDA:287,21,0,55
BRDA:287,21,1,5
DA:289,55
BRDA:289,22,0,-
DA:292,5
BRDA:292,23,0,-
DA:294,5
DA:297,60
DA:298,60
DA:300,60
DA:304,5
FN:304,Heap.withdraw
FNDA:5,Heap.withdraw
DA:305,5
DA:306,5
BRDA:306,24,0,-
DA:307,5
BRDA:307,25,0,1
DA:309,4
DA:310,4
BRDA:310,26,0,-
DA:313,4
DA:314,4
DA:315,4
DA:316,5
BRDA:316,27,0,4
DA:317,4
DA:318,4
DA:319,4
DA:321,1
DA:325,4
DA:327,4
DA:328,2
BRDA:328,28,0,2
DA:329,2
DA:330,2
DA:334,4
DA:336,4
DA:338,2
BRDA:338,29,0,2
DA:339,2
DA:340,2
DA:345,17
FN:345,Heap.activate
FNDA:17,Heap.activate
DA:346,16
DA:347,16
BRDA:347,30,0,-
DA:348,16
BRDA:348,31,0,-
DA:349,16
BRDA:349,32,0,1
DA:351,15
DA:354,15
BRDA:354,33,0,-
DA:355,0
DA:358,15
DA:362,10
FN:362,Heap.finalize
FNDA:10,Heap.finalize
DA:363,10
DA:364,10
BRDA:364,34,0,-
DA:365,10
BRDA:365,35,0,1
DA:368,9
BRDA:368,36,0,1
DA:369,1
DA:370,1
DA:373,8
BRDA:373,37,0,1
DA:376,7
DA:377,7
DA:378,7
DA:381,7
DA:382,7
DA:383,7
DA:385,7
DA:388,7
DA:391,7
DA:393,7
DA:396,7
DA:399,7
BRDA:399,38,0,1
DA:400,1
DA:401,1
DA:402,1
DA:403,1
DA:404,2
BRDA:404,39,0,1
DA:405,1
DA:406,1
DA:408,2
DA:411,1
BRDA:411,40,0,1
DA:413,0
BRDA:413,40,1,-
DA:414,0
DA:418,7
DA:421,7
BRDA:421,41,0,-
DA:422,0
BRDA:422,42,0,-
DA:429,0
BRDA:429,42,1,-
DA:430,0
DA:435,7
DA:439,5
FN:439,Heap.cancel
FNDA:5,Heap.cancel
DA:440,4
DA:441,4
BRDA:441,43,0,-
DA:442,4
BRDA:442,44,0,1
DA:444,3
DA:451,4
FN:451,Heap._cancelHeapInternal
FNDA:4,Heap._cancelHeapInternal
DA:452,4
DA:454,4
DA:456,4
DA:457,4
DA:460,4
DA:461,4
DA:462,8
DA:463,8
DA:464,8
BRDA:464,45,0,8
DA:465,8
DA:467,8
DA:470,4
DA:473,4
BRDA:473,46,0,-
DA:474,0
BRDA:474,47,0,-
DA:481,0
BRDA:481,47,1,-
DA:482,0
DA:487,4
DA:490,4
DA:493,13
FN:493,Heap._cleanupHeap
FNDA:13,Heap._cleanupHeap
DA:494,13
DA:495,13
DA:498,13
DA:499,13
DA:501,22
DA:509,12
FN:509,Heap.getHeap
FNDA:12,Heap.getHeap
DA:524,12
DA:525,12
DA:529,3
FN:529,Heap.getContribution
FNDA:3,Heap.getContribution
DA:530,3
DA:536,9
FN:536,Heap.registerShareRecipient
FNDA:9,Heap.registerShareRecipient
DA:537,8
BRDA:537,48,0,1
DA:538,7
BRDA:538,49,0,-
DA:539,7
BRDA:539,50,0,-
DA:540,7
BRDA:540,51,0,-
DA:542,7
DA:543,7
DA:544,7
DA:546,7
DA:550,1
FN:550,Heap.removeShareRecipient
FNDA:1,Heap.removeShareRecipient
DA:551,1
DA:552,1
BRDA:552,52,0,-
DA:554,1
DA:557,1
DA:558,1
DA:559,1
BRDA:559,53,0,1
DA:560,1
DA:561,1
DA:562,1
DA:564,0
DA:569,1
DA:573,1
FN:573,Heap.claimShares
FNDA:1,Heap.claimShares
DA:574,1
DA:575,1
BRDA:575,54,0,-
DA:578,1
DA:581,1
DA:583,1
DA:587,2
FN:587,Heap.getPendingShares
FNDA:2,Heap.getPendingShares
DA:588,2
DA:592,1
FN:592,Heap.getShareTokens
FNDA:1,Heap.getShareTokens
DA:593,1
DA:597,2
FN:597,Heap.getShareConfig
FNDA:2,Heap.getShareConfig
DA:598,2
DA:606,1
FN:606,Heap.getShareRecipients
FNDA:1,Heap.getShareRecipients
DA:607,1
DA:608,1
DA:609,1
DA:611,1
DA:612,2
DA:613,2
DA:623,7
FN:623,Heap._accrueShares
FNDA:7,Heap._accrueShares
DA:627,7
BRDA:627,55,0,4
DA:628,4
DA:632,3
BRDA:632,56,0,3
DA:633,3
DA:634,3
DA:637,3
DA:638,3
DA:639,3
DA:640,3
DA:642,3
DA:643,3
BRDA:643,57,0,-
DA:644,0
DA:645,0
DA:648,3
DA:649,3
DA:650,3
DA:652,3
DA:657,2
FN:657,Heap.version
FNDA:2,Heap.version
DA:658,2
DA:662,2
FN:662,Heap.featureName
FNDA:2,Heap.featureName
DA:663,2
FNF:30
FNH:28
LF:255
LH:226
BRF:62
BRH:25
end_of_record
TN:
SF:contracts/src/features/game/League.sol
DA:102,0
FN:102,League.initialize
FNDA:0,League.initialize
DA:108,0
DA:110,0
BRDA:110,0,0,-
DA:111,0
DA:115,0
BRDA:115,1,0,-
DA:116,0
BRDA:116,2,0,-
DA:117,0
DA:120,0
DA:121,0
DA:130,0
FN:130,League.setMatchContract
FNDA:0,League.setMatchContract
DA:131,0
BRDA:131,3,0,-
DA:132,0
DA:133,0
DA:134,0
DA:141,0
FN:141,League.setPrediction
FNDA:0,League.setPrediction
DA:142,0
DA:149,0
FN:149,League.setCycleDuration
FNDA:0,League.setCycleDuration
DA:150,0
BRDA:150,4,0,-
DA:151,0
DA:153,0
DA:154,0
DA:155,0
DA:162,0
FN:162,League.setMaxCyclesKept
FNDA:0,League.setMaxCyclesKept
DA:163,0
BRDA:163,5,0,-
DA:164,0
DA:165,0
DA:166,0
DA:174,0
FN:174,League.cleanupCycle
FNDA:0,League.cleanupCycle
DA:175,0
BRDA:175,6,0,-
DA:176,0
BRDA:176,7,0,-
DA:178,0
DA:179,0
BRDA:179,8,0,-
DA:181,0
DA:182,0
DA:189,0
FN:189,League._cleanupCycleData
FNDA:0,League._cleanupCycleData
DA:191,0
DA:192,0
DA:194,0
DA:195,0
DA:198,0
DA:208,0
DA:218,0
BRDA:218,9,0,-
DA:219,0
DA:227,0
FN:227,League.getOldestCycleId
FNDA:0,League.getOldestCycleId
DA:228,0
DA:234,0
FN:234,League.recordMatchResult
FNDA:0,League.recordMatchResult
DA:240,0
BRDA:240,10,0,-
DA:241,0
BRDA:241,11,0,-
DA:244,0
DA:246,0
DA:249,0
DA:252,0
DA:253,0
DA:254,0
DA:255,0
DA:258,0
DA:259,0
DA:260,0
DA:263,0
DA:269,0
FN:269,League._checkAndTransitionCycle
FNDA:0,League._checkAndTransitionCycle
DA:270,0
BRDA:270,12,0,-
DA:272,0
DA:273,0
DA:276,0
DA:277,0
BRDA:277,13,0,-
DA:279,0
DA:280,0
DA:287,0
FN:287,League._startNewCycle
FNDA:0,League._startNewCycle
DA:288,0
DA:290,0
DA:296,0
DA:297,0
DA:300,0
BRDA:300,14,0,-
DA:301,0
DA:304,0
DA:310,0
FN:310,League._registerPlayer
FNDA:0,League._registerPlayer
DA:311,0
BRDA:311,15,0,-
DA:314,0
BRDA:314,16,0,-
DA:316,0
DA:317,0
DA:319,0
DA:325,0
FN:325,League._registerToken
FNDA:0,League._registerToken
DA:326,0
BRDA:326,17,0,-
DA:329,0
BRDA:329,18,0,-
DA:331,0
DA:332,0
DA:338,0
FN:338,League.finalizeCycle
FNDA:0,League.finalizeCycle
DA:339,0
BRDA:339,19,0,-
DA:341,0
DA:342,0
BRDA:342,20,0,-
DA:344,0
DA:351,0
FN:351,League._finalizeCycleInternal
FNDA:0,League._finalizeCycleInternal
DA:352,0
DA:353,0
BRDA:353,21,0,-
DA:355,0
DA:358,0
DA:360,0
DA:361,0
DA:362,0
DA:365,0
DA:366,0
BRDA:366,22,0,-
DA:367,0
DA:371,0
DA:383,0
FN:383,League._selectTopN
FNDA:0,League._selectTopN
DA:388,0
DA:389,0
DA:392,0
DA:394,0
DA:395,0
DA:396,0
DA:399,0
DA:400,0
DA:401,0
DA:404,0
DA:405,0
BRDA:405,23,0,-
DA:407,0
DA:408,0
BRDA:408,24,0,-
DA:409,0
DA:410,0
DA:414,0
BRDA:414,25,0,-
DA:415,0
DA:416,0
DA:417,0
DA:425,0
FN:425,League.getCurrentCycleId
FNDA:0,League.getCurrentCycleId
DA:426,0
DA:430,0
FN:430,League.getCycle
FNDA:0,League.getCycle
DA:431,0
DA:435,0
FN:435,League.getPlayerStats
FNDA:0,League.getPlayerStats
DA:440,0
DA:445,0
FN:445,League.getLeaderboard
FNDA:0,League.getLeaderboard
DA:450,0
DA:452,0
BRDA:452,26,0,-
BRDA:452,26,1,-
DA:454,0
DA:455,0
DA:457,0
DA:458,0
DA:460,0
DA:461,0
DA:462,0
DA:466,0
DA:467,0
DA:468,0
DA:470,0
DA:471,0
DA:473,0
DA:474,0
DA:475,0
DA:481,0
FN:481,League.getPlayerRank
FNDA:0,League.getPlayerRank
DA:486,0
DA:488,0
BRDA:488,27,0,-
DA:489,0
DA:493,0
DA:494,0
BRDA:494,28,0,-
DA:496,0
DA:497,0
DA:499,0
DA:500,0
BRDA:500,29,0,-
DA:501,0
DA:505,0
DA:509,0
FN:509,League.getCycleTokens
FNDA:0,League.getCycleTokens
DA:510,0
DA:514,0
FN:514,League.getCyclePlayers
FNDA:0,League.getCyclePlayers
DA:515,0
DA:519,0
FN:519,League.getCycleDuration
FNDA:0,League.getCycleDuration
DA:520,0
DA:525,0
FN:525,League.getTopPlayers
FNDA:0,League.getTopPlayers
DA:530,0
DA:532,0
DA:534,0
BRDA:534,30,0,-
BRDA:534,30,1,-
DA:536,0
DA:537,0
DA:539,0
DA:540,0
DA:542,0
DA:543,0
DA:544,0
DA:548,0
DA:549,0
DA:550,0
DA:552,0
DA:553,0
DA:555,0
DA:556,0
DA:557,0
DA:565,0
FN:565,League.isCycleStarted
FNDA:0,League.isCycleStarted
DA:566,0
DA:572,0
FN:572,League.getCyclePlayerCount
FNDA:0,League.getCyclePlayerCount
DA:573,0
DA:579,0
FN:579,League.getCycleTokenCount
FNDA:0,League.getCycleTokenCount
DA:580,0
DA:586,0
FN:586,League.version
FNDA:0,League.version
DA:587,0
DA:591,0
FN:591,League.featureName
FNDA:0,League.featureName
DA:592,0
FNF:30
FNH:0
LF:194
LH:0
BRF:33
BRH:0
end_of_record
TN:
SF:contracts/src/features/game/Match.sol
DA:99,0
FN:99,Match.initialize
FNDA:0,Match.initialize
DA:108,0
DA:111,0
BRDA:111,0,0,-
DA:112,0
DA:116,0
DA:119,0
BRDA:119,1,0,-
DA:120,0
DA:129,0
FN:129,Match.setScore
FNDA:0,Match.setScore
DA:131,0
BRDA:131,2,0,-
DA:132,0
DA:134,0
DA:135,0
DA:136,0
DA:144,0
FN:144,Match.setPrediction
FNDA:0,Match.setPrediction
DA:145,0
BRDA:145,3,0,-
DA:146,0
DA:148,0
DA:149,0
DA:150,0
DA:158,0
FN:158,Match.setMaxActiveMatches
FNDA:0,Match.setMaxActiveMatches
DA:159,0
BRDA:159,4,0,-
DA:160,0
DA:161,0
DA:169,0
FN:169,Match.cleanupInactiveMatch
FNDA:0,Match.cleanupInactiveMatch
DA:170,0
DA:171,0
BRDA:171,5,0,-
DA:172,0
BRDA:172,6,0,-
DA:173,0
BRDA:173,7,0,-
DA:175,0
DA:178,0
DA:181,0
DA:183,0
DA:190,0
FN:190,Match.getActiveMatchCount
FNDA:0,Match.getActiveMatchCount
DA:191,0
DA:200,0
FN:200,Match.getActiveMatchIds
FNDA:0,Match.getActiveMatchIds
DA:201,0
DA:202,0
BRDA:202,8,0,-
DA:203,0
DA:206,0
DA:207,0
BRDA:207,9,0,-
DA:208,0
DA:211,0
DA:212,0
DA:213,0
DA:217,0
FN:217,Match._addToActiveMatches
FNDA:0,Match._addToActiveMatches
DA:218,0
DA:219,0
DA:222,0
FN:222,Match._removeFromActiveMatches
FNDA:0,Match._removeFromActiveMatches
DA:223,0
DA:224,0
BRDA:224,10,0,-
DA:226,0
DA:227,0
DA:230,0
DA:231,0
DA:234,0
DA:239,0
FN:239,Match.create
FNDA:0,Match.create
DA:244,0
BRDA:244,11,0,-
DA:245,0
BRDA:245,12,0,-
DA:246,0
BRDA:246,13,0,-
DA:247,0
BRDA:247,14,0,-
DA:250,0
BRDA:250,15,0,-
DA:253,0
BRDA:253,16,0,-
DA:254,0
DA:257,0
DA:258,0
DA:259,0
DA:260,0
DA:261,0
DA:262,0
DA:263,0
DA:266,0
DA:268,0
DA:271,0
DA:275,0
FN:275,Match.join
FNDA:0,Match.join
DA:276,0
DA:279,0
FN:279,Match._joinMatch
FNDA:0,Match._joinMatch
DA:280,0
DA:281,0
BRDA:281,17,0,-
DA:282,0
BRDA:282,18,0,-
DA:283,0
BRDA:283,19,0,-
DA:284,0
BRDA:284,20,0,-
DA:287,0
BRDA:287,21,0,-
BRDA:287,21,1,-
DA:289,0
BRDA:289,22,0,-
DA:292,0
BRDA:292,23,0,-
DA:294,0
DA:297,0
DA:298,0
DA:300,0
DA:304,0
FN:304,Match.leave
FNDA:0,Match.leave
DA:305,0
DA:306,0
BRDA:306,24,0,-
DA:307,0
BRDA:307,25,0,-
DA:309,0
DA:310,0
BRDA:310,26,0,-
DA:313,0
DA:314,0
DA:315,0
DA:316,0
BRDA:316,27,0,-
DA:317,0
DA:318,0
DA:319,0
DA:321,0
DA:325,0
DA:327,0
DA:328,0
BRDA:328,28,0,-
DA:329,0
DA:330,0
DA:334,0
DA:336,0
DA:338,0
BRDA:338,29,0,-
DA:339,0
DA:340,0
DA:345,0
FN:345,Match.activate
FNDA:0,Match.activate
DA:346,0
DA:347,0
BRDA:347,30,0,-
DA:348,0
BRDA:348,31,0,-
DA:349,0
BRDA:349,32,0,-
DA:351,0
DA:354,0
BRDA:354,33,0,-
DA:355,0
DA:358,0
DA:362,0
FN:362,Match.finalize
FNDA:0,Match.finalize
DA:363,0
DA:364,0
BRDA:364,34,0,-
DA:365,0
BRDA:365,35,0,-
DA:368,0
BRDA:368,36,0,-
DA:369,0
DA:370,0
DA:373,0
BRDA:373,37,0,-
DA:376,0
DA:377,0
DA:378,0
DA:381,0
DA:382,0
DA:383,0
DA:385,0
DA:388,0
DA:391,0
DA:393,0
DA:396,0
DA:399,0
BRDA:399,38,0,-
DA:400,0
DA:401,0
DA:402,0
DA:403,0
DA:404,0
BRDA:404,39,0,-
DA:405,0
DA:406,0
DA:408,0
DA:411,0
BRDA:411,40,0,-
DA:413,0
BRDA:413,40,1,-
DA:414,0
DA:418,0
DA:421,0
BRDA:421,41,0,-
DA:422,0
BRDA:422,42,0,-
DA:429,0
BRDA:429,42,1,-
DA:430,0
DA:435,0
DA:439,0
FN:439,Match.cancel
FNDA:0,Match.cancel
DA:440,0
DA:441,0
BRDA:441,43,0,-
DA:442,0
BRDA:442,44,0,-
DA:444,0
DA:451,0
FN:451,Match._cancelMatchInternal
FNDA:0,Match._cancelMatchInternal
DA:452,0
DA:454,0
DA:456,0
DA:457,0
DA:460,0
DA:461,0
DA:462,0
DA:463,0
DA:464,0
BRDA:464,45,0,-
DA:465,0
DA:467,0
DA:470,0
DA:473,0
BRDA:473,46,0,-
DA:474,0
BRDA:474,47,0,-
DA:481,0
BRDA:481,47,1,-
DA:482,0
DA:487,0
DA:490,0
DA:493,0
FN:493,Match._cleanupMatch
FNDA:0,Match._cleanupMatch
DA:494,0
DA:495,0
DA:498,0
DA:499,0
DA:501,0
DA:509,0
FN:509,Match.getMatch
FNDA:0,Match.getMatch
DA:524,0
DA:525,0
DA:529,0
FN:529,Match.getPlayerStake
FNDA:0,Match.getPlayerStake
DA:530,0
DA:536,0
FN:536,Match.registerShareRecipient
FNDA:0,Match.registerShareRecipient
DA:537,0
BRDA:537,48,0,-
DA:538,0
BRDA:538,49,0,-
DA:539,0
BRDA:539,50,0,-
DA:540,0
BRDA:540,51,0,-
DA:542,0
DA:543,0
DA:544,0
DA:546,0
DA:550,0
FN:550,Match.removeShareRecipient
FNDA:0,Match.removeShareRecipient
DA:551,0
DA:552,0
BRDA:552,52,0,-
DA:554,0
DA:557,0
DA:558,0
DA:559,0
BRDA:559,53,0,-
DA:560,0
DA:561,0
DA:562,0
DA:564,0
DA:569,0
DA:573,0
FN:573,Match.claimShares
FNDA:0,Match.claimShares
DA:574,0
DA:575,0
BRDA:575,54,0,-
DA:578,0
DA:581,0
DA:583,0
DA:587,0
FN:587,Match.getPendingShares
FNDA:0,Match.getPendingShares
DA:588,0
DA:592,0
FN:592,Match.getShareTokens
FNDA:0,Match.getShareTokens
DA:593,0
DA:597,0
FN:597,Match.getShareConfig
FNDA:0,Match.getShareConfig
DA:598,0
DA:606,0
FN:606,Match.getShareRecipients
FNDA:0,Match.getShareRecipients
DA:607,0
DA:608,0
DA:609,0
DA:611,0
DA:612,0
DA:613,0
DA:623,0
FN:623,Match._accrueShares
FNDA:0,Match._accrueShares
DA:627,0
BRDA:627,55,0,-
DA:628,0
DA:632,0
BRDA:632,56,0,-
DA:633,0
DA:634,0
DA:637,0
DA:638,0
DA:639,0
DA:640,0
DA:642,0
DA:643,0
BRDA:643,57,0,-
DA:644,0
DA:645,0
DA:648,0
DA:649,0
DA:650,0
DA:652,0
DA:657,0
FN:657,Match.version
FNDA:0,Match.version
DA:658,0
DA:662,0
FN:662,Match.featureName
FNDA:0,Match.featureName
DA:663,0
FNF:30
FNH:0
LF:255
LH:0
BRF:62
BRH:0
end_of_record
TN:
SF:contracts/src/features/game/Prediction.sol
DA:125,0
FN:125,Prediction.initialize
FNDA:0,Prediction.initialize
DA:134,0
DA:137,0
BRDA:137,0,0,-
DA:138,0
DA:140,0
BRDA:140,1,0,-
DA:141,0
DA:143,0
BRDA:143,2,0,-
DA:144,0
DA:148,0
BRDA:148,3,0,-
DA:149,0
DA:156,0
FN:156,Prediction.createMarket
FNDA:0,Prediction.createMarket
DA:161,0
DA:164,0
BRDA:164,4,0,-
DA:166,0
DA:168,0
DA:169,0
DA:170,0
DA:171,0
DA:174,0
DA:176,0
DA:180,0
FN:180,Prediction.onCompetitionStarted
FNDA:0,Prediction.onCompetitionStarted
DA:185,0
BRDA:185,5,0,-
BRDA:185,5,1,-
DA:186,0
BRDA:186,6,0,-
DA:187,0
BRDA:187,7,0,-
BRDA:187,7,1,-
DA:188,0
BRDA:188,8,0,-
DA:189,0
BRDA:189,9,0,-
BRDA:189,9,1,-
DA:190,0
BRDA:190,10,0,-
DA:192,0
DA:195,0
DA:196,0
BRDA:196,11,0,-
DA:198,0
DA:199,0
BRDA:199,12,0,-
DA:201,0
DA:202,0
DA:206,0
FN:206,Prediction.onCompetitionFinalized
FNDA:0,Prediction.onCompetitionFinalized
DA:213,0
BRDA:213,13,0,-
BRDA:213,13,1,-
DA:214,0
BRDA:214,14,0,-
DA:215,0
BRDA:215,15,0,-
BRDA:215,15,1,-
DA:216,0
BRDA:216,16,0,-
DA:217,0
BRDA:217,17,0,-
BRDA:217,17,1,-
DA:218,0
BRDA:218,18,0,-
DA:220,0
DA:223,0
DA:224,0
BRDA:224,19,0,-
DA:226,0
DA:227,0
BRDA:227,20,0,-
DA:230,0
BRDA:230,21,0,-
DA:231,0
DA:232,0
DA:235,0
BRDA:235,22,0,-
BRDA:235,22,1,-
DA:236,0
DA:237,0
DA:239,0
DA:240,0
DA:241,0
DA:248,0
FN:248,Prediction._validateCompetitionForBetting
FNDA:0,Prediction._validateCompetitionForBetting
DA:252,0
BRDA:252,23,0,-
BRDA:252,23,1,-
DA:253,0
BRDA:253,24,0,-
DA:254,0
DA:256,0
BRDA:256,25,0,-
DA:258,0
BRDA:258,26,0,-
BRDA:258,26,1,-
DA:259,0
BRDA:259,27,0,-
DA:260,0
DA:261,0
BRDA:261,28,0,-
DA:262,0
BRDA:262,29,0,-
DA:264,0
BRDA:264,30,0,-
DA:265,0
BRDA:265,31,0,-
DA:266,0
DA:267,0
BRDA:267,32,0,-
DA:268,0
BRDA:268,33,0,-
DA:281,0
FN:281,Prediction.commit
FNDA:0,Prediction.commit
DA:282,0
DA:283,0
BRDA:283,34,0,-
DA:284,0
BRDA:284,35,0,-
DA:285,0
BRDA:285,36,0,-
DA:288,0
DA:289,0
BRDA:289,37,0,-
BRDA:289,37,1,-
DA:290,0
BRDA:290,38,0,-
DA:291,0
DA:293,0
BRDA:293,39,0,-
DA:294,0
BRDA:294,40,0,-
DA:295,0
DA:299,0
BRDA:299,41,0,-
DA:300,0
BRDA:300,42,0,-
DA:301,0
DA:302,0
DA:305,0
DA:306,0
DA:307,0
DA:311,0
BRDA:311,43,0,-
DA:312,0
DA:316,0
DA:323,0
DA:324,0
DA:333,0
FN:333,Prediction.reveal
FNDA:0,Prediction.reveal
DA:334,0
BRDA:334,44,0,-
DA:336,0
DA:337,0
BRDA:337,45,0,-
DA:338,0
BRDA:338,46,0,-
DA:340,0
DA:341,0
BRDA:341,47,0,-
DA:342,0
BRDA:342,48,0,-
DA:345,0
DA:346,0
BRDA:346,49,0,-
DA:349,0
DA:352,0
DA:358,0
DA:359,0
DA:362,0
BRDA:362,50,0,-
DA:363,0
DA:364,0
DA:367,0
DA:368,0
DA:375,0
FN:375,Prediction.claimRefund
FNDA:0,Prediction.claimRefund
DA:376,0
DA:378,0
DA:381,0
DA:382,0
BRDA:382,51,0,-
DA:384,0
BRDA:384,52,0,-
DA:385,0
DA:386,0
DA:390,0
BRDA:390,53,0,-
DA:392,0
DA:393,0
DA:398,0
FN:398,Prediction.predict
FNDA:0,Prediction.predict
DA:399,0
DA:400,0
BRDA:400,54,0,-
DA:401,0
BRDA:401,55,0,-
DA:402,0
BRDA:402,56,0,-
DA:404,0
DA:405,0
BRDA:405,57,0,-
BRDA:405,57,1,-
DA:406,0
BRDA:406,58,0,-
DA:407,0
DA:409,0
BRDA:409,59,0,-
DA:410,0
BRDA:410,60,0,-
DA:411,0
DA:414,0
BRDA:414,61,0,-
DA:415,0
BRDA:415,62,0,-
DA:416,0
DA:417,0
DA:419,0
DA:420,0
DA:421,0
DA:424,0
BRDA:424,63,0,-
DA:425,0
DA:429,0
DA:435,0
DA:436,0
DA:438,0
BRDA:438,64,0,-
DA:439,0
DA:440,0
DA:443,0
DA:444,0
DA:453,0
FN:453,Prediction.generateCommitHash
FNDA:0,Prediction.generateCommitHash
DA:454,0
DA:466,0
FN:466,Prediction.getCommit
FNDA:0,Prediction.getCommit
DA:472,0
DA:473,0
DA:480,0
FN:480,Prediction.closeBetting
FNDA:0,Prediction.closeBetting
DA:481,0
DA:482,0
BRDA:482,65,0,-
DA:483,0
BRDA:483,66,0,-
DA:485,0
DA:486,0
DA:492,0
FN:492,Prediction._shouldCloseBetting
FNDA:0,Prediction._shouldCloseBetting
DA:493,0
BRDA:493,67,0,-
BRDA:493,67,1,-
DA:494,0
BRDA:494,68,0,-
DA:495,0
DA:497,0
DA:499,0
BRDA:499,69,0,-
BRDA:499,69,1,-
DA:500,0
BRDA:500,70,0,-
DA:501,0
DA:504,0
DA:506,0
BRDA:506,71,0,-
DA:507,0
BRDA:507,72,0,-
DA:508,0
DA:509,0
DA:512,0
DA:518,0
FN:518,Prediction.resolve
FNDA:0,Prediction.resolve
DA:519,0
DA:520,0
BRDA:520,73,0,-
DA:521,0
BRDA:521,74,0,-
DA:524,0
BRDA:524,75,0,-
DA:525,0
BRDA:525,76,0,-
BRDA:525,76,1,-
DA:526,0
DA:527,0
DA:529,0
DA:533,0
DA:534,0
DA:536,0
BRDA:536,77,0,-
BRDA:536,77,1,-
DA:537,0
BRDA:537,78,0,-
DA:538,0
DA:541,0
BRDA:541,79,0,-
BRDA:541,79,1,-
DA:542,0
DA:544,0
BRDA:544,80,0,-
DA:545,0
DA:548,0
BRDA:548,81,0,-
BRDA:548,81,1,-
DA:549,0
BRDA:549,82,0,-
DA:550,0
DA:553,0
BRDA:553,83,0,-
BRDA:553,83,1,-
DA:554,0
DA:556,0
BRDA:556,84,0,-
DA:557,0
DA:559,0
DA:562,0
BRDA:562,85,0,-
DA:563,0
BRDA:563,86,0,-
DA:564,0
DA:565,0
BRDA:565,87,0,-
DA:566,0
DA:569,0
DA:573,0
BRDA:573,88,0,-
BRDA:573,88,1,-
DA:574,0
DA:576,0
DA:580,0
BRDA:580,89,0,-
BRDA:580,89,1,-
DA:581,0
DA:582,0
DA:584,0
DA:585,0
DA:586,0
DA:593,0
FN:593,Prediction.claim
FNDA:0,Prediction.claim
DA:594,0
DA:595,0
DA:597,0
BRDA:597,90,0,-
DA:598,0
BRDA:598,91,0,-
DA:599,0
BRDA:599,92,0,-
DA:601,0
DA:604,0
BRDA:604,93,0,-
DA:605,0
DA:606,0
DA:607,0
DA:610,0
BRDA:610,94,0,-
DA:612,0
DA:614,0
BRDA:614,95,0,-
DA:615,0
DA:617,0
BRDA:617,96,0,-
DA:619,0
DA:620,0
DA:621,0
DA:624,0
DA:625,0
DA:626,0
DA:634,0
FN:634,Prediction.isBettingOpen
FNDA:0,Prediction.isBettingOpen
DA:635,0
DA:636,0
BRDA:636,97,0,-
DA:637,0
BRDA:637,98,0,-
DA:639,0
BRDA:639,99,0,-
BRDA:639,99,1,-
DA:640,0
BRDA:640,100,0,-
DA:641,0
DA:642,0
DA:644,0
BRDA:644,101,0,-
BRDA:644,101,1,-
DA:645,0
BRDA:645,102,0,-
DA:646,0
DA:649,0
DA:651,0
BRDA:651,103,0,-
DA:652,0
BRDA:652,104,0,-
DA:653,0
DA:654,0
DA:657,0
DA:661,0
FN:661,Prediction.getMarket
FNDA:0,Prediction.getMarket
DA:662,0
DA:666,0
FN:666,Prediction.getPrediction
FNDA:0,Prediction.getPrediction
DA:670,0
DA:674,0
FN:674,Prediction.getStakeForPlayer
FNDA:0,Prediction.getStakeForPlayer
DA:678,0
DA:682,0
FN:682,Prediction.getOddsForPlayer
FNDA:0,Prediction.getOddsForPlayer
DA:686,0
DA:687,0
DA:689,0
BRDA:689,105,0,-
DA:691,0
DA:695,0
FN:695,Prediction.getAllOdds
FNDA:0,Prediction.getAllOdds
DA:696,0
DA:697,0
DA:699,0
DA:701,0
DA:702,0
DA:703,0
DA:712,0
DA:716,0
FN:716,Prediction.getPredictedPlayers
FNDA:0,Prediction.getPredictedPlayers
DA:717,0
DA:724,0
FN:724,Prediction.getPredictors
FNDA:0,Prediction.getPredictors
DA:725,0
DA:732,0
FN:732,Prediction.getMarketSummary
FNDA:0,Prediction.getMarketSummary
DA:748,0
DA:750,0
DA:751,0
DA:752,0
DA:753,0
DA:754,0
DA:755,0
DA:756,0
DA:757,0
DA:765,0
FN:765,Prediction.isPredictionCorrect
FNDA:0,Prediction.isPredictionCorrect
DA:769,0
DA:770,0
BRDA:770,106,0,-
DA:772,0
DA:773,0
BRDA:773,107,0,-
DA:775,0
DA:783,0
FN:783,Prediction.getPotentialPayout
FNDA:0,Prediction.getPotentialPayout
DA:787,0
DA:788,0
DA:790,0
BRDA:790,108,0,-
DA:792,0
DA:793,0
BRDA:793,109,0,-
DA:795,0
DA:806,0
FN:806,Prediction._computeCommitHash
FNDA:0,Prediction._computeCommitHash
DA:809,0
DA:811,0
DA:815,0
DA:822,0
FN:822,Prediction.version
FNDA:0,Prediction.version
DA:823,0
DA:827,0
FN:827,Prediction.featureName
FNDA:0,Prediction.featureName
DA:828,0
FNF:29
FNH:0
LF:312
LH:0
BRF:132
BRH:0
end_of_record
TN:
SF:contracts/src/features/game/Prize.sol
DA:96,0
FN:96,Prize.initialize
FNDA:0,Prize.initialize
DA:102,0
DA:104,0
BRDA:104,0,0,-
DA:105,0
DA:108,0
BRDA:108,1,0,-
DA:109,0
DA:110,0
DA:111,0
DA:123,0
FN:123,Prize.initializeWithConfig
FNDA:0,Prize.initializeWithConfig
DA:131,0
DA:133,0
BRDA:133,2,0,-
DA:134,0
DA:137,0
BRDA:137,3,0,-
DA:138,0
BRDA:138,4,0,-
DA:140,0
DA:141,0
DA:142,0
DA:149,0
FN:149,Prize.setMatchContract
FNDA:0,Prize.setMatchContract
DA:150,0
BRDA:150,5,0,-
DA:151,0
DA:153,0
DA:154,0
DA:155,0
DA:162,0
FN:162,Prize.setMatchesPerPool
FNDA:0,Prize.setMatchesPerPool
DA:163,0
BRDA:163,6,0,-
DA:164,0
DA:165,0
DA:166,0
DA:173,0
FN:173,Prize.setWinnersCount
FNDA:0,Prize.setWinnersCount
DA:174,0
BRDA:174,7,0,-
DA:175,0
DA:176,0
DA:183,0
FN:183,Prize.setDistributionStrategy
FNDA:0,Prize.setDistributionStrategy
DA:184,0
DA:185,0
DA:193,0
FN:193,Prize.setRecorderAuthorization
FNDA:0,Prize.setRecorderAuthorization
DA:194,0
DA:195,0
DA:199,0
FN:199,Prize.recordMatchResult
FNDA:0,Prize.recordMatchResult
DA:200,0
BRDA:200,8,0,-
DA:203,0
DA:204,0
BRDA:204,9,0,-
DA:205,0
DA:208,0
DA:211,0
BRDA:211,10,0,-
DA:212,0
DA:213,0
DA:217,0
BRDA:217,11,0,-
DA:218,0
DA:219,0
DA:223,0
DA:224,0
DA:226,0
DA:229,0
BRDA:229,12,0,-
DA:230,0
DA:239,0
FN:239,Prize._createPool
FNDA:0,Prize._createPool
DA:240,0
DA:241,0
DA:242,0
DA:244,0
DA:251,0
FN:251,Prize._finalizePool
FNDA:0,Prize._finalizePool
DA:252,0
DA:253,0
DA:256,0
BRDA:256,13,0,-
DA:257,0
DA:261,0
DA:263,0
DA:266,0
DA:273,0
FN:273,Prize._collectSharesForPool
FNDA:0,Prize._collectSharesForPool
DA:274,0
DA:275,0
DA:277,0
DA:278,0
BRDA:278,14,0,-
DA:279,0
DA:280,0
DA:281,0
DA:282,0
DA:284,0
DA:285,0
DA:293,0
FN:293,Prize._computeWinners
FNDA:0,Prize._computeWinners
DA:294,0
DA:295,0
DA:296,0
DA:299,0
DA:300,0
DA:301,0
DA:308,0
DA:309,0
DA:312,0
DA:315,0
DA:317,0
DA:318,0
DA:321,0
DA:325,0
DA:326,0
DA:327,0
DA:329,0
DA:330,0
DA:331,0
DA:339,0
FN:339,Prize._getBalance
FNDA:0,Prize._getBalance
DA:340,0
BRDA:340,15,0,-
DA:341,0
DA:343,0
DA:347,0
FN:347,Prize.claimPrize
FNDA:0,Prize.claimPrize
DA:348,0
DA:350,0
BRDA:350,16,0,-
DA:351,0
BRDA:351,17,0,-
DA:354,0
DA:355,0
DA:356,0
BRDA:356,18,0,-
DA:357,0
DA:358,0
DA:362,0
BRDA:362,19,0,-
DA:364,0
DA:367,0
DA:368,0
BRDA:368,20,0,-
DA:370,0
DA:371,0
DA:380,0
FN:380,Prize._calculatePrizeForRank
FNDA:0,Prize._calculatePrizeForRank
DA:381,0
DA:382,0
DA:383,0
DA:385,0
BRDA:385,21,0,-
DA:387,0
BRDA:387,22,0,-
DA:388,0
DA:391,0
BRDA:391,23,0,-
DA:392,0
DA:395,0
BRDA:395,24,0,-
DA:398,0
DA:399,0
DA:400,0
DA:403,0
BRDA:403,25,0,-
DA:406,0
DA:407,0
DA:408,0
DA:411,0
BRDA:411,26,0,-
DA:412,0
DA:414,0
DA:417,0
BRDA:417,27,0,-
DA:419,0
DA:420,0
DA:421,0
DA:423,0
BRDA:423,28,0,-
DA:424,0
DA:427,0
DA:431,0
FN:431,Prize.getPool
FNDA:0,Prize.getPool
DA:437,0
DA:438,0
DA:447,0
FN:447,Prize.getPoolWinners
FNDA:0,Prize.getPoolWinners
DA:452,0
DA:453,0
DA:455,0
DA:456,0
DA:457,0
DA:459,0
DA:460,0
DA:465,0
FN:465,Prize.getPoolWins
FNDA:0,Prize.getPoolWins
DA:466,0
DA:470,0
FN:470,Prize.getPrizeForRank
FNDA:0,Prize.getPrizeForRank
DA:471,0
DA:472,0
BRDA:472,29,0,-
DA:473,0
DA:477,0
FN:477,Prize.getCurrentPoolId
FNDA:0,Prize.getCurrentPoolId
DA:478,0
DA:482,0
FN:482,Prize.getMatchesPerPool
FNDA:0,Prize.getMatchesPerPool
DA:483,0
DA:487,0
FN:487,Prize.getWinnersCount
FNDA:0,Prize.getWinnersCount
DA:488,0
DA:492,0
FN:492,Prize.getDistributionStrategy
FNDA:0,Prize.getDistributionStrategy
DA:493,0
DA:500,0
FN:500,Prize.getTokens
FNDA:0,Prize.getTokens
DA:501,0
DA:509,0
FN:509,Prize.getClaimablePools
FNDA:0,Prize.getClaimablePools
DA:511,0
DA:512,0
DA:513,0
DA:514,0
BRDA:514,30,0,-
DA:516,0
DA:517,0
BRDA:517,31,0,-
DA:518,0
DA:519,0
DA:526,0
DA:527,0
DA:528,0
DA:529,0
DA:530,0
BRDA:530,32,0,-
DA:531,0
DA:532,0
BRDA:532,33,0,-
DA:533,0
DA:534,0
DA:545,0
FN:545,Prize.getTotalPoolCount
FNDA:0,Prize.getTotalPoolCount
DA:546,0
DA:550,0
FN:550,Prize.version
FNDA:0,Prize.version
DA:551,0
DA:555,0
FN:555,Prize.featureName
FNDA:0,Prize.featureName
DA:556,0
FNF:28
FNH:0
LF:196
LH:0
BRF:34
BRH:0
end_of_record
TN:
SF:contracts/src/features/game/Score.sol
DA:99,14
FN:99,Score.initialize
FNDA:14,Score.initialize
DA:107,14
DA:109,14
DA:110,14
DA:111,14
DA:119,0
FN:119,Score.setRecorderAuthorization
FNDA:0,Score.setRecorderAuthorization
DA:120,0
DA:121,0
DA:128,0
FN:128,Score.setPrize
FNDA:0,Score.setPrize
DA:129,0
DA:130,0
DA:131,0
DA:138,0
FN:138,Score.setTournament
FNDA:0,Score.setTournament
DA:139,0
DA:140,0
DA:141,0
DA:150,0
FN:150,Score.updateLimits
FNDA:0,Score.updateLimits
DA:155,0
BRDA:155,0,0,-
DA:156,0
DA:158,0
BRDA:158,1,0,-
DA:159,0
BRDA:159,2,0,-
DA:160,0
DA:162,0
BRDA:162,3,0,-
DA:163,0
BRDA:163,4,0,-
DA:164,0
DA:166,0
DA:173,0
FN:173,Score._evictOldestMatch
FNDA:0,Score._evictOldestMatch
DA:174,0
BRDA:174,5,0,-
DA:177,0
DA:178,0
DA:181,0
DA:182,0
DA:183,0
DA:184,0
DA:186,0
DA:194,0
DA:200,0
FN:200,Score._evictLeastSuccessfulPlayer
FNDA:0,Score._evictLeastSuccessfulPlayer
DA:201,0
BRDA:201,6,0,-
DA:203,0
DA:204,0
DA:205,0
DA:208,0
DA:209,0
DA:210,0
DA:211,0
DA:213,0
BRDA:213,7,0,-
DA:214,0
DA:215,0
DA:216,0
DA:221,0
DA:224,0
BRDA:224,8,0,-
DA:225,0
DA:226,0
DA:227,0
DA:229,0
DA:232,0
DA:240,0
FN:240,Score._addPlayer
FNDA:0,Score._addPlayer
DA:241,0
BRDA:241,9,0,-
DA:244,0
BRDA:244,10,0,-
DA:245,0
DA:248,0
DA:249,0
DA:250,0
DA:254,0
FN:254,Score.recordMatchResult
FNDA:0,Score.recordMatchResult
DA:260,0
BRDA:260,11,0,-
DA:261,0
BRDA:261,12,0,-
DA:264,0
DA:267,0
DA:268,0
DA:269,0
DA:270,0
DA:274,0
BRDA:274,13,0,-
DA:275,0
DA:279,0
DA:286,0
DA:289,0
DA:290,0
DA:292,0
BRDA:292,14,0,-
DA:293,0
DA:296,0
DA:297,0
BRDA:297,15,0,-
DA:298,0
DA:303,0
DA:304,0
DA:308,0
DA:309,0
DA:310,0
DA:313,0
DA:316,0
DA:317,0
DA:319,0
DA:322,0
BRDA:322,16,0,-
DA:324,0
BRDA:324,17,0,-
DA:326,0
BRDA:326,17,1,-
DA:327,0
DA:332,0
BRDA:332,18,0,-
DA:334,0
BRDA:334,19,0,-
DA:336,0
BRDA:336,19,1,-
DA:337,0
DA:350,0
FN:350,Score.getPlayerScore
FNDA:0,Score.getPlayerScore
DA:360,0
DA:361,0
DA:372,0
FN:372,Score.getPlayers
FNDA:0,Score.getPlayers
DA:381,0
DA:383,0
DA:384,0
DA:385,0
DA:387,0
DA:388,0
DA:389,0
DA:390,0
DA:393,0
DA:405,0
FN:405,Score.getPlayersPaginated
FNDA:0,Score.getPlayersPaginated
DA:414,0
BRDA:414,20,0,-
DA:415,0
DA:418,0
DA:419,0
DA:421,0
DA:422,0
DA:423,0
DA:425,0
DA:426,0
DA:427,0
DA:428,0
DA:429,0
DA:432,0
DA:443,0
FN:443,Score.getMatchRecord
FNDA:0,Score.getMatchRecord
DA:453,0
DA:454,0
DA:461,0
FN:461,Score.getTotalMatches
FNDA:0,Score.getTotalMatches
DA:462,0
DA:469,0
FN:469,Score.getTotalPlayers
FNDA:0,Score.getTotalPlayers
DA:470,0
DA:477,0
FN:477,Score.getRemainingPlayerCapacity
FNDA:0,Score.getRemainingPlayerCapacity
DA:478,0
BRDA:478,21,0,-
DA:479,0
DA:486,0
FN:486,Score.getRemainingMatchCapacity
FNDA:0,Score.getRemainingMatchCapacity
DA:487,0
BRDA:487,22,0,-
DA:488,0
DA:492,0
FN:492,Score.version
FNDA:0,Score.version
DA:493,0
DA:497,0
FN:497,Score.featureName
FNDA:0,Score.featureName
DA:498,0
FNF:19
FNH:1
LF:143
LH:5
BRF:25
BRH:0
end_of_record
TN:
SF:contracts/src/features/game/Tournament.sol
DA:61,0
FN:61,Tournament.initialize
FNDA:0,Tournament.initialize
DA:67,0
DA:68,0
DA:69,0
DA:76,0
FN:76,Tournament.setScoreContract
FNDA:0,Tournament.setScoreContract
DA:77,0
DA:78,0
DA:79,0
DA:86,0
FN:86,Tournament.setPrediction
FNDA:0,Tournament.setPrediction
DA:87,0
DA:94,0
FN:94,Tournament.setMaxActiveTournaments
FNDA:0,Tournament.setMaxActiveTournaments
DA:95,0
BRDA:95,0,0,-
DA:96,0
DA:100,0
FN:100,Tournament.createTournament
FNDA:0,Tournament.createTournament
DA:103,0
DA:104,0
BRDA:104,1,0,-
DA:105,0
DA:107,0
BRDA:107,2,0,-
DA:108,0
DA:111,0
DA:112,0
DA:113,0
DA:114,0
DA:115,0
DA:116,0
DA:118,0
DA:119,0
DA:121,0
DA:125,0
FN:125,Tournament.activate
FNDA:0,Tournament.activate
DA:126,0
DA:127,0
BRDA:127,3,0,-
DA:128,0
BRDA:128,4,0,-
DA:130,0
DA:131,0
DA:134,0
BRDA:134,5,0,-
DA:135,0
DA:138,0
DA:142,0
FN:142,Tournament.onMatchResult
FNDA:0,Tournament.onMatchResult
DA:143,0
BRDA:143,6,0,-
DA:145,0
DA:146,0
DA:148,0
DA:149,0
DA:150,0
DA:151,0
DA:153,0
BRDA:153,7,0,-
DA:154,0
DA:155,0
BRDA:155,8,0,-
DA:156,0
DA:157,0
DA:158,0
DA:159,0
DA:162,0
DA:167,0
FN:167,Tournament.resolveMatch
FNDA:0,Tournament.resolveMatch
DA:173,0
DA:174,0
BRDA:174,9,0,-
DA:175,0
BRDA:175,10,0,-
DA:176,0
BRDA:176,11,0,-
DA:177,0
BRDA:177,12,0,-
DA:179,0
DA:180,0
BRDA:180,13,0,-
DA:181,0
BRDA:181,14,0,-
DA:183,0
DA:184,0
DA:188,0
FN:188,Tournament.cancel
FNDA:0,Tournament.cancel
DA:189,0
DA:190,0
BRDA:190,15,0,-
DA:191,0
BRDA:191,16,0,-
DA:192,0
DA:195,0
BRDA:195,17,0,-
DA:196,0
DA:199,0
DA:200,0
DA:201,0
DA:205,0
FN:205,Tournament.getTournament
FNDA:0,Tournament.getTournament
DA:206,0
DA:207,0
DA:218,0
FN:218,Tournament.getParticipants
FNDA:0,Tournament.getParticipants
DA:219,0
DA:223,0
FN:223,Tournament.getBracketMatch
FNDA:0,Tournament.getBracketMatch
DA:228,0
DA:232,0
FN:232,Tournament.getRoundMatches
FNDA:0,Tournament.getRoundMatches
DA:236,0
DA:237,0
DA:238,0
DA:239,0
DA:244,0
FN:244,Tournament.hasPendingMatch
FNDA:0,Tournament.hasPendingMatch
DA:249,0
DA:250,0
DA:251,0
BRDA:251,18,0,-
DA:252,0
DA:257,0
FN:257,Tournament.getActiveTournamentCount
FNDA:0,Tournament.getActiveTournamentCount
DA:258,0
DA:263,0
FN:263,Tournament._initRound
FNDA:0,Tournament._initRound
DA:264,0
DA:265,0
DA:267,0
DA:268,0
DA:269,0
DA:271,0
DA:277,0
DA:281,0
FN:281,Tournament._resolve
FNDA:0,Tournament._resolve
DA:282,0
DA:283,0
DA:285,0
DA:286,0
DA:287,0
DA:289,0
DA:292,0
FN:292,Tournament._checkRoundComplete
FNDA:0,Tournament._checkRoundComplete
DA:293,0
DA:295,0
DA:296,0
BRDA:296,19,0,-
DA:299,0
DA:300,0
DA:301,0
DA:304,0
DA:306,0
BRDA:306,20,0,-
BRDA:306,20,1,-
DA:307,0
DA:308,0
DA:309,0
DA:310,0
DA:311,0
DA:313,0
DA:314,0
DA:318,0
FN:318,Tournament._addPending
FNDA:0,Tournament._addPending
DA:319,0
DA:326,0
FN:326,Tournament._removePending
FNDA:0,Tournament._removePending
DA:327,0
DA:328,0
DA:329,0
DA:330,0
BRDA:330,21,0,-
DA:331,0
DA:332,0
DA:333,0
DA:338,0
FN:338,Tournament._cleanupPending
FNDA:0,Tournament._cleanupPending
DA:339,0
DA:340,0
DA:341,0
DA:342,0
DA:343,0
DA:344,0
BRDA:344,22,0,-
DA:345,0
DA:351,0
FN:351,Tournament._removeActive
FNDA:0,Tournament._removeActive
DA:352,0
DA:353,0
BRDA:353,23,0,-
DA:354,0
DA:355,0
DA:356,0
DA:357,0
DA:358,0
DA:362,0
FN:362,Tournament._matchKey
FNDA:0,Tournament._matchKey
DA:363,0
DA:366,0
FN:366,Tournament._isParticipant
FNDA:0,Tournament._isParticipant
DA:367,0
DA:370,0
FN:370,Tournament._isPowerOfTwo
FNDA:0,Tournament._isPowerOfTwo
DA:371,0
DA:374,0
FN:374,Tournament._log2
FNDA:0,Tournament._log2
DA:375,0
DA:379,0
FN:379,Tournament.version
FNDA:0,Tournament.version
DA:380,0
DA:384,0
FN:384,Tournament.featureName
FNDA:0,Tournament.featureName
DA:385,0
FNF:28
FNH:0
LF:162
LH:0
BRF:25
BRH:0
end_of_record
TN:
SF:contracts/src/libraries/ArrayLib.sol
DA:15,0
FN:15,ArrayLib.swapAndPop
FNDA:0,ArrayLib.swapAndPop
DA:16,0
DA:17,0
BRDA:17,0,0,-
DA:18,0
DA:20,0
DA:28,0
FN:28,ArrayLib.swapAndPopUint
FNDA:0,ArrayLib.swapAndPopUint
DA:29,0
DA:30,0
BRDA:30,1,0,-
DA:31,0
DA:33,0
DA:41,0
FN:41,ArrayLib.shiftAndPop
FNDA:0,ArrayLib.shiftAndPop
DA:42,0
DA:43,0
DA:44,0
DA:45,0
DA:47,0
DA:56,0
FN:56,ArrayLib.removeByValue
FNDA:0,ArrayLib.removeByValue
DA:57,0
DA:58,0
DA:59,0
BRDA:59,2,0,-
DA:60,0
DA:61,0
DA:63,0
DA:65,0
DA:74,0
FN:74,ArrayLib.contains
FNDA:0,ArrayLib.contains
DA:75,0
DA:76,0
DA:77,0
BRDA:77,3,0,-
DA:78,0
DA:80,0
DA:82,0
FNF:5
FNH:0
LF:31
LH:0
BRF:4
BRH:0
end_of_record
TN:
SF:contracts/test/base/EventBus.t.sol
DA:16,0
FN:16,MockListener.onMatchResult.0
FNDA:0,MockListener.onMatchResult.0
DA:22,0
DA:23,0
DA:24,0
DA:25,0
DA:28,0
FN:28,MockListener.onCompetitionStarted
FNDA:0,MockListener.onCompetitionStarted
DA:29,0
DA:32,0
FN:32,MockListener.onCompetitionFinalized
FNDA:0,MockListener.onCompetitionFinalized
DA:33,0
DA:38,0
FN:38,RevertingListener.onMatchResult.1
FNDA:0,RevertingListener.onMatchResult.1
DA:39,0
FNF:4
FNH:0
LF:11
LH:0
BRF:0
BRH:0
end_of_record
TN:
SF:contracts/test/base/FeeCollector.t.sol
DA:435,0
FN:435,RejectingReceiver.setAccept
FNDA:0,RejectingReceiver.setAccept
DA:436,0
DA:439,0
FN:439,RejectingReceiver.receive
FNDA:0,RejectingReceiver.receive
DA:440,0
BRDA:440,0,0,-
DA:441,0
FNF:2
FNH:0
LF:5
LH:0
BRF:1
BRH:0
end_of_record
TN:
SF:contracts/test/base/RoleBasedAccess.t.sol
DA:11,0
FN:11,TestableRoleBasedAccess.protectedByController
FNDA:0,TestableRoleBasedAccess.protectedByController
DA:12,0
DA:15,0
FN:15,TestableRoleBasedAccess.protectedByRecorder
FNDA:0,TestableRoleBasedAccess.protectedByRecorder
DA:16,0
DA:19,0
FN:19,TestableRoleBasedAccess.protectedByCompetitionManager
FNDA:0,TestableRoleBasedAccess.protectedByCompetitionManager
DA:20,0
FNF:3
FNH:0
LF:6
LH:0
BRF:0
BRH:0
end_of_record
TN:
SF:contracts/test/libraries/ArrayLib.t.sol
DA:14,0
FN:14,ArrayLibWrapper.swapAndPopAddress
FNDA:0,ArrayLibWrapper.swapAndPopAddress
DA:15,0
DA:18,0
FN:18,ArrayLibWrapper.swapAndPopUint
FNDA:0,ArrayLibWrapper.swapAndPopUint
DA:19,0
DA:22,0
FN:22,ArrayLibWrapper.shiftAndPopUint
FNDA:0,ArrayLibWrapper.shiftAndPopUint
DA:23,0
DA:26,0
FN:26,ArrayLibWrapper.pushAddress
FNDA:0,ArrayLibWrapper.pushAddress
DA:27,0
DA:30,0
FN:30,ArrayLibWrapper.pushUint
FNDA:0,ArrayLibWrapper.pushUint
DA:31,0
DA:34,0
FN:34,ArrayLibWrapper.getAddressArrayLength
FNDA:0,ArrayLibWrapper.getAddressArrayLength
DA:35,0
DA:38,0
FN:38,ArrayLibWrapper.getUintArrayLength
FNDA:0,ArrayLibWrapper.getUintArrayLength
DA:39,0
FNF:7
FNH:0
LF:14
LH:0
BRF:0
BRH:0
end_of_record
TN:
SF:contracts/test/mocks/MockERC20.sol
DA:16,42
FN:16,MockERC20.constructor
FNDA:42,MockERC20.constructor
DA:17,42
DA:18,42
DA:21,118
FN:21,MockERC20.mint
FNDA:118,MockERC20.mint
DA:22,118
DA:23,118
DA:24,118
DA:27,5
FN:27,MockERC20.approve
FNDA:5,MockERC20.approve
DA:28,5
DA:29,5
DA:30,5
DA:33,2
FN:33,MockERC20.transfer
FNDA:2,MockERC20.transfer
DA:34,2
DA:35,2
DA:36,2
DA:37,2
DA:40,5
FN:40,MockERC20.transferFrom
FNDA:5,MockERC20.transferFrom
DA:41,5
DA:42,5
DA:43,5
DA:44,5
DA:45,5
FNF:5
FNH:5
LF:22
LH:22
BRF:0
BRH:0
end_of_record
TN:
SF:contracts/test/mocks/MockPrize.sol
DA:15,0
FN:15,MockPrize.recordMatchResult
FNDA:0,MockPrize.recordMatchResult
DA:16,0
DA:23,0
FN:23,MockPrize.claimPrize
FNDA:0,MockPrize.claimPrize
DA:27,0
FN:27,MockPrize.getPool
FNDA:0,MockPrize.getPool
DA:33,0
DA:36,0
FN:36,MockPrize.getPoolWinners
FNDA:0,MockPrize.getPoolWinners
DA:41,0
DA:44,0
FN:44,MockPrize.getPoolWins
FNDA:0,MockPrize.getPoolWins
DA:45,0
DA:48,0
FN:48,MockPrize.getPrizeForRank
FNDA:0,MockPrize.getPrizeForRank
DA:49,0
DA:52,0
FN:52,MockPrize.getCurrentPoolId
FNDA:0,MockPrize.getCurrentPoolId
DA:53,0
DA:56,0
FN:56,MockPrize.getMatchesPerPool
FNDA:0,MockPrize.getMatchesPerPool
DA:57,0
DA:60,0
FN:60,MockPrize.getWinnersCount
FNDA:0,MockPrize.getWinnersCount
DA:61,0
DA:64,0
FN:64,MockPrize.getDistributionStrategy
FNDA:0,MockPrize.getDistributionStrategy
DA:65,0
DA:69,0
FN:69,MockPrize.getMatchResultCount
FNDA:0,MockPrize.getMatchResultCount
DA:70,0
DA:73,0
FN:73,MockPrize.getMatchResult
FNDA:0,MockPrize.getMatchResult
DA:74,0
DA:75,0
FNF:12
FNH:0
LF:24
LH:0
BRF:0
BRH:0
end_of_record
TN:
SF:contracts/test/mocks/MockScore.sol
DA:18,1
FN:18,MockScore.recordMatchResult
FNDA:1,MockScore.recordMatchResult
DA:24,1
DA:25,1
DA:26,1
DA:27,1
DA:28,1
DA:29,1
DA:30,1
DA:33,1
FN:33,MockScore.getResultCount
FNDA:1,MockScore.getResultCount
DA:34,1
DA:37,1
FN:37,MockScore.getResult
FNDA:1,MockScore.getResult
DA:38,1
DA:41,0
FN:41,MockScore.recordMatchCalled
FNDA:0,MockScore.recordMatchCalled
DA:42,0
FNF:4
FNH:3
LF:14
LH:12
BRF:0
BRH:0
end_of_record
